Started by GitHub push by AleXDev25
Obtained B8.5/Jenkinsfile from git git@github.com:AleXDev25/sf-devops.git
Running in Durability level: MAX_SURVIVABILITY
[Pipeline] Start of Pipeline
[Pipeline] node
Running on Jenkins in /var/lib/jenkins/workspace/RFAM-Pipeline
[Pipeline] {
[Pipeline] stage
[Pipeline] { (Declarative: Checkout SCM)
[Pipeline] checkout
Selected Git installation does not exist. Using Default
The recommended git tool is: NONE
using credential GItHub
 > /usr/bin/git rev-parse --resolve-git-dir /var/lib/jenkins/workspace/RFAM-Pipeline/.git # timeout=10
Fetching changes from the remote Git repository
 > /usr/bin/git config remote.origin.url git@github.com:AleXDev25/sf-devops.git # timeout=10
Fetching upstream changes from git@github.com:AleXDev25/sf-devops.git
 > /usr/bin/git --version # timeout=10
 > git --version # 'git version 2.17.1'
using GIT_SSH to set credentials 
 > /usr/bin/git fetch --tags --progress -- git@github.com:AleXDev25/sf-devops.git +refs/heads/*:refs/remotes/origin/* # timeout=10
 > /usr/bin/git rev-parse origin/B8.5^{commit} # timeout=10
Checking out Revision d55425ba23552d9cbaee01203a6e7d3254256056 (origin/B8.5)
 > /usr/bin/git config core.sparsecheckout # timeout=10
 > /usr/bin/git checkout -f d55425ba23552d9cbaee01203a6e7d3254256056 # timeout=10
Commit message: "rm rfam.sh"
 > /usr/bin/git rev-list --no-walk 197ce40b573c2abb340092975356667a9b01e219 # timeout=10
[Pipeline] }
[Pipeline] // stage
[Pipeline] withEnv
[Pipeline] {
[Pipeline] stage
[Pipeline] { (Run script)
[Pipeline] sh
+ mysql --user rfamro --host mysql-rfam-public.ebi.ac.uk --port 4497 --database Rfam
[Pipeline] }
[Pipeline] // stage
[Pipeline] stage
[Pipeline] { (Print output)
[Pipeline] sh
+ sed -n 1,20p output.txt
rfam_acc	rfamseq_acc	seq_start	seq_end
RF02143	AABR05000762.1	4020	3788
RF00665	AABR05005166.1	6218	6135
RF02151	AABR05005289.1	3544	3451
RF01942	AABR05007169.1	7189	7307
RF00604	AABR05007302.1	150415	150504
RF00133	AABR05007347.1	14415	14333
RF00108	AABR05008878.1	9310	9218
RF00825	AABR05009223.1	8216	8123
RF00825	AABR05009333.1	17040	16944
RF00646	AABR05009647.1	32943	33044
RF00053	AABR05010615.1	3754	3839
RF00705	AABR05014223.1	10479	10393
RF01946	AABR05014402.1	1338	1796
RF01947	AABR05014403.1	14942	15135
RF01948	AABR05014403.1	15454	15571
RF01950	AABR05014405.1	3215	3442
RF02116	AABR05016229.1	5765	5923
RF00691	AABR05018978.1	7743	7657
RF00457	AABR05020750.1	57609	57810
[Pipeline] }
[Pipeline] // stage
[Pipeline] }
[Pipeline] // withEnv
[Pipeline] }
[Pipeline] // node
[Pipeline] End of Pipeline
Finished: SUCCESS